<?xml version="1.0" encoding="UTF-8" ?>
<testsuite errors="0" failures="0" hostname="YiqiudeMacBook-Pro.local" name="net.sourceforge.tess4j.TesseractTest" skipped="0" tests="6" time="4.809" timestamp="2015-01-31T21:11:53">
  <properties>
    <property name="default.javac.source" value="1.4" />
    <property name="file.encoding.pkg" value="sun.io" />
    <property name="jnlp.signing.alias" value="" />
    <property name="user.language.format" value="en" />
    <property name="javac.source" value="1.6" />
    <property name="testng.debug.mode" value="" />
    <property name="java.home" value="/Library/Java/JavaVirtualMachines/jdk1.8.0_25.jdk/Contents/Home/jre" />
    <property name="test.src.dir" value="test" />
    <property name="javadoc.version" value="false" />
    <property name="jnlp.mixed.code" value="default" />
    <property name="libraries.path" value="/Users/Melancardie/Dropbox/Documents/My Code/Java/OwlExpress/lib/Tess4J/lib/nblibraries.properties" />
    <property name="java.endorsed.dirs" value="/Library/Java/JavaVirtualMachines/jdk1.8.0_25.jdk/Contents/Home/jre/lib/endorsed" />
    <property name="src.dir" value="src" />
    <property name="debug-args-line" value="-Xdebug" />
    <property name="build.sysclasspath" value="ignore" />
    <property name="have.sources" value="true" />
    <property name="includes" value="**" />
    <property name="javac.fork" value="false" />
    <property name="source.encoding" value="UTF-8" />
    <property name="sun.os.patch.level" value="unknown" />
    <property name="java.vendor.url" value="http://java.oracle.com/" />
    <property name="file.reference.ghost4j-0.5.1.jar" value="lib/ghost4j-0.5.1.jar" />
    <property name="java.version" value="1.8.0_25" />
    <property name="build.generated.subdirs" value="/Users/Melancardie/Dropbox/Documents/My Code/Java/OwlExpress/lib/Tess4J/build/generated-sources/ap-source-output" />
    <property name="javac.debug" value="false" />
    <property name="application.desc" value="A Java wrapper for Tesseract OCR API" />
    <property name="run.classpath" value="lib/jai_imageio.jar:lib/jna-4.1.0.jar:lib/ghost4j-0.5.1.jar:lib/log4j-1.2.17.jar:lib/commons-io-2.4.jar:build/classes" />
    <property name="java.vendor.url.bug" value="http://bugreport.sun.com/bugreport/" />
    <property name="auxiliary.org-netbeans-spi-editor-hints-projects.perProjectHintSettingsFile" value="nbproject/cfg_hints.xml" />
    <property name="ant.project.invoked-targets" value="test" />
    <property name="annotation.processing.run.all.processors" value="true" />
    <property name="user.name" value="root" />
    <property name="jnlp.enabled" value="false" />
    <property name="empty.dir" value="/Users/Melancardie/Dropbox/Documents/My Code/Java/OwlExpress/lib/Tess4J/build/empty" />
    <property name="sun.io.unicode.encoding" value="UnicodeBig" />
    <property name="sun.jnu.encoding" value="UTF-8" />
    <property name="java.runtime.name" value="Java(TM) SE Runtime Environment" />
    <property name="application.vendor" value="Quan Nguyen" />
    <property name="java.specification.name" value="Java Platform API Specification" />
    <property name="javadoc.author" value="false" />
    <property name="ap.proc.none.internal" value="" />
    <property name="ftp.nonProxyHosts" value="local|*.local|169.254/16|*.169.254/16" />
    <property name="user.timezone" value="America/Chicago" />
    <property name="path.separator" value=":" />
    <property name="testng.mode" value="testng" />
    <property name="version-output" value="java version &quot;1.8" />
    <property name="jnlp.signing" value="" />
    <property name="file.encoding" value="UTF-8" />
    <property name="dist.javadoc.dir" value="dist/javadoc" />
    <property name="ant.project.default-target" value="default" />
    <property name="javac.profile.cmd.line.arg" value="" />
    <property name="sun.java.command" value="org.apache.tools.ant.taskdefs.optional.junit.JUnitTestRunner net.sourceforge.tess4j.TesseractTest skipNonTests=false filtertrace=true haltOnError=false haltOnFailure=false showoutput=true outputtoformatters=true logfailedtests=true threadid=0 logtestlistenerevents=false formatter=org.apache.tools.ant.taskdefs.optional.junit.BriefJUnitResultFormatter formatter=org.apache.tools.ant.taskdefs.optional.junit.XMLJUnitResultFormatter,/Users/Melancardie/Dropbox/Documents/My Code/Java/OwlExpress/lib/Tess4J/build/test/results/TEST-net.sourceforge.tess4j.TesseractTest.xml crashfile=/Users/Melancardie/Dropbox/Documents/My Code/Java/OwlExpress/lib/Tess4J/build/junitvmwatcher1236749169815026578.properties propsfile=/Users/Melancardie/Dropbox/Documents/My Code/Java/OwlExpress/lib/Tess4J/build/junit5251266594080849961.properties" />
    <property name="built-jar.properties" value="/Users/Melancardie/Dropbox/Documents/My Code/Java/OwlExpress/lib/Tess4J/build/built-jar.properties" />
    <property name="socksNonProxyHosts" value="local|*.local|169.254/16|*.169.254/16" />
    <property name="ant.file" value="/Users/Melancardie/Dropbox/Documents/My Code/Java/OwlExpress/lib/Tess4J/build.xml" />
    <property name="junit.available" value="true" />
    <property name="do.jar" value="true" />
    <property name="java.io.tmpdir" value="/var/folders/zz/zyxvpxvq6csfxvn_n0000000000000/T/" />
    <property name="build.test.results.dir" value="build/test/results" />
    <property name="user.language" value="zh" />
    <property name="line.separator" value="&#xa;" />
    <property name="javac.compilerargs" value="" />
    <property name="ant.file.type" value="file" />
    <property name="file.reference.jai_imageio.jar" value="lib/jai_imageio.jar" />
    <property name="jar.compress" value="false" />
    <property name="debug-transport-by-os" value="dt_socket" />
    <property name="ant.file.Tess4J-impl" value="/Users/Melancardie/Dropbox/Documents/My Code/Java/OwlExpress/lib/Tess4J/nbproject/build-impl.xml" />
    <property name="do.depend.true" value="true" />
    <property name="java.vm.info" value="mixed mode" />
    <property name="javadoc.private" value="false" />
    <property name="annotation.processing.processors.list" value="" />
    <property name="build.test.classes.dir" value="build/test/classes" />
    <property name="java.vm.specification.name" value="Java Virtual Machine Specification" />
    <property name="version" value="1.4.1" />
    <property name="ant.file.type.Tess4J-impl" value="file" />
    <property name="test.binaryexcludes" value="" />
    <property name="file.reference.log4j-1.2.17.jar" value="lib/log4j-1.2.17.jar" />
    <property name="platform.active" value="default_platform" />
    <property name="ap.cmd.line.internal" value="" />
    <property name="jdkBug6558476" value="false" />
    <property name="http.nonProxyHosts" value="local|*.local|169.254/16|*.169.254/16" />
    <property name="endorsed.classpath" value="" />
    <property name="javadoc.encoding" value="UTF-8" />
    <property name="java.awt.printerjob" value="sun.lwawt.macosx.CPrinterJob" />
    <property name="ap.processors.internal" value="" />
    <property name="do.archive" value="true" />
    <property name="dist.jar" value="dist/tess4j.jar" />
    <property name="meta.inf.dir" value="src/META-INF" />
    <property name="ant.version" value="Apache Ant(TM) version 1.9.4 compiled on April 29 2014" />
    <property name="ant.file.Tess4J" value="/Users/Melancardie/Dropbox/Documents/My Code/Java/OwlExpress/lib/Tess4J/build.xml" />
    <property name="javadoc.nonavbar" value="false" />
    <property name="user.country.format" value="US" />
    <property name="user.properties.file" value="C:\Users\Quan\AppData\Roaming\NetBeans\8.0.2\build.properties" />
    <property name="gopherProxySet" value="false" />
    <property name="annotation.processing.source.output" value="build/generated-sources/ap-source-output" />
    <property name="build.generated.dir" value="build/generated" />
    <property name="os.name" value="Mac OS X" />
    <property name="java.specification.vendor" value="Oracle Corporation" />
    <property name="file.reference.junit-4.10.jar" value="lib\junit-4.10.jar" />
    <property name="run.test.classpath" value="lib/jai_imageio.jar:lib/jna-4.1.0.jar:lib/ghost4j-0.5.1.jar:lib/log4j-1.2.17.jar:lib/commons-io-2.4.jar:build/classes:lib\junit-4.10.jar:build/test/classes" />
    <property name="java.vm.name" value="Java HotSpot(TM) 64-Bit Server VM" />
    <property name="ant.file.type.Tess4J" value="file" />
    <property name="ap.supported.internal" value="true" />
    <property name="java.library.path" value="/var/root/Library/Java/Extensions:/Library/Java/Extensions:/Network/Library/Java/Extensions:/System/Library/Java/Extensions:/usr/lib/java:." />
    <property name="ant.java.version" value="1.8" />
    <property name="basedir" value="/Users/Melancardie/Dropbox/Documents/My Code/Java/OwlExpress/lib/Tess4J" />
    <property name="javadoc.noindex" value="false" />
    <property name="java.class.version" value="52.0" />
    <property name="javac.test.classpath" value="lib/jai_imageio.jar:lib/jna-4.1.0.jar:lib/ghost4j-0.5.1.jar:lib/log4j-1.2.17.jar:lib/commons-io-2.4.jar:build/classes:lib\junit-4.10.jar" />
    <property name="javac.processorpath" value="lib/jai_imageio.jar:lib/jna-4.1.0.jar:lib/ghost4j-0.5.1.jar:lib/log4j-1.2.17.jar:lib/commons-io-2.4.jar" />
    <property name="ant.home" value="/usr/local/Cellar/ant/1.9.4/libexec" />
    <property name="javadoc.splitindex" value="true" />
    <property name="javac.test.processorpath" value="lib/jai_imageio.jar:lib/jna-4.1.0.jar:lib/ghost4j-0.5.1.jar:lib/log4j-1.2.17.jar:lib/commons-io-2.4.jar:build/classes:lib\junit-4.10.jar" />
    <property name="javadoc.preview" value="true" />
    <property name="copylibs.rebase" value="true" />
    <property name="jnlp.signing.keystore" value="" />
    <property name="junit.forkmode" value="perTest" />
    <property name="test.binarytestincludes" value="" />
    <property name="sun.boot.library.path" value="/Library/Java/JavaVirtualMachines/jdk1.8.0_25.jdk/Contents/Home/jre/lib" />
    <property name="build.dir" value="build" />
    <property name="application.title" value="Tess4J" />
    <property name="sun.management.compiler" value="HotSpot 64-Bit Tiered Compilers" />
    <property name="java.awt.graphicsenv" value="sun.awt.CGraphicsEnvironment" />
    <property name="javadoc.encoding.used" value="UTF-8" />
    <property name="libraries.dir.nativedirsep" value="/Users/Melancardie/Dropbox/Documents/My Code/Java/OwlExpress/lib/Tess4J/lib" />
    <property name="javadoc.windowtitle" value="Tess4J API" />
    <property name="run.jvmargs.ide" value="" />
    <property name="annotation.processing.enabled" value="true" />
    <property name="build.generated.sources.dir" value="build/generated-sources" />
    <property name="nb.junit.single" value="false" />
    <property name="run.jvmargs" value="" />
    <property name="ant.project.name" value="Tess4J" />
    <property name="java.vm.specification.version" value="1.8" />
    <property name="work.dir" value="/Users/Melancardie/Dropbox/Documents/My Code/Java/OwlExpress/lib/Tess4J" />
    <property name="awt.toolkit" value="sun.lwawt.macosx.LWCToolkit" />
    <property name="javadoc.use" value="true" />
    <property name="sun.cpu.isalist" value="" />
    <property name="java.ext.dirs" value="/var/root/Library/Java/Extensions:/Library/Java/JavaVirtualMachines/jdk1.8.0_25.jdk/Contents/Home/jre/lib/ext:/Library/Java/Extensions:/Network/Library/Java/Extensions:/System/Library/Java/Extensions:/usr/lib/java" />
    <property name="os.version" value="10.10.1" />
    <property name="excludes" value="" />
    <property name="user.home" value="/var/root" />
    <property name="jnlp.descriptor" value="application" />
    <property name="libraries.basename" value="nblibraries" />
    <property name="java.vm.vendor" value="Oracle Corporation" />
    <property name="user.dir" value="/Users/Melancardie/Dropbox/Documents/My Code/Java/OwlExpress/lib/Tess4J" />
    <property name="debug-transport" value="dt_socket" />
    <property name="application.args" value="" />
    <property name="sun.cpu.endian" value="little" />
    <property name="compile.on.save" value="true" />
    <property name="project.license" value="apache20" />
    <property name="endorsed.classpath.cmd.line.arg" value="" />
    <property name="jar.index" value="false" />
    <property name="libraries.dir" value="/Users/Melancardie/Dropbox/Documents/My Code/Java/OwlExpress/lib/Tess4J/lib" />
    <property name="java.vm.version" value="25.25-b02" />
    <property name="jnlp.offline-allowed" value="false" />
    <property name="test.binaryincludes" value="&lt;nothing&gt;" />
    <property name="java.class.path" value="/Users/Melancardie/Dropbox/Documents/My Code/Java/OwlExpress/lib/Tess4J/lib/jai_imageio.jar:/Users/Melancardie/Dropbox/Documents/My Code/Java/OwlExpress/lib/Tess4J/lib/jna-4.1.0.jar:/Users/Melancardie/Dropbox/Documents/My Code/Java/OwlExpress/lib/Tess4J/lib/ghost4j-0.5.1.jar:/Users/Melancardie/Dropbox/Documents/My Code/Java/OwlExpress/lib/Tess4J/lib/log4j-1.2.17.jar:/Users/Melancardie/Dropbox/Documents/My Code/Java/OwlExpress/lib/Tess4J/lib/commons-io-2.4.jar:/Users/Melancardie/Dropbox/Documents/My Code/Java/OwlExpress/lib/Tess4J/build/classes:/Users/Melancardie/Dropbox/Documents/My Code/Java/OwlExpress/lib/Tess4J/lib/junit-4.10.jar:/Users/Melancardie/Dropbox/Documents/My Code/Java/OwlExpress/lib/Tess4J/build/test/classes:/usr/local/Cellar/ant/1.9.4/libexec/lib/ant-launcher.jar:/usr/local/Cellar/ant/1.9.4/libexec/lib/ant.jar:/usr/local/Cellar/ant/1.9.4/libexec/lib/ant-junit.jar:/usr/local/Cellar/ant/1.9.4/libexec/lib/ant-junit4.jar" />
    <property name="annotation.processing.processor.options" value="" />
    <property name="ant.library.dir" value="/usr/local/Cellar/ant/1.9.4/libexec/lib" />
    <property name="os.arch" value="x86_64" />
    <property name="javac.deprecation" value="true" />
    <property name="file.reference.jna-4.1.0.jar" value="lib/jna-4.1.0.jar" />
    <property name="build.classes.excludes" value="**/*.java,**/*.form" />
    <property name="dist.dir" value="dist" />
    <property name="debug.classpath" value="lib/jai_imageio.jar:lib/jna-4.1.0.jar:lib/ghost4j-0.5.1.jar:lib/log4j-1.2.17.jar:lib/commons-io-2.4.jar:build/classes" />
    <property name="sun.java.launcher" value="SUN_STANDARD" />
    <property name="jar.index.metainf" value="false" />
    <property name="jnlp.codebase.type" value="no.codebase" />
    <property name="platform.java" value="/Library/Java/JavaVirtualMachines/jdk1.8.0_25.jdk/Contents/Home/jre/bin/java" />
    <property name="annotation.processing.enabled.in.editor" value="false" />
    <property name="ant.core.lib" value="/usr/local/Cellar/ant/1.9.4/libexec/lib/ant.jar" />
    <property name="jnlp.signed" value="false" />
    <property name="java.vm.specification.vendor" value="Oracle Corporation" />
    <property name="do.depend" value="true" />
    <property name="file.separator" value="/" />
    <property name="java.runtime.version" value="1.8.0_25-b17" />
    <property name="sun.boot.class.path" value="/Library/Java/JavaVirtualMachines/jdk1.8.0_25.jdk/Contents/Home/jre/lib/resources.jar:/Library/Java/JavaVirtualMachines/jdk1.8.0_25.jdk/Contents/Home/jre/lib/rt.jar:/Library/Java/JavaVirtualMachines/jdk1.8.0_25.jdk/Contents/Home/jre/lib/sunrsasign.jar:/Library/Java/JavaVirtualMachines/jdk1.8.0_25.jdk/Contents/Home/jre/lib/jsse.jar:/Library/Java/JavaVirtualMachines/jdk1.8.0_25.jdk/Contents/Home/jre/lib/jce.jar:/Library/Java/JavaVirtualMachines/jdk1.8.0_25.jdk/Contents/Home/jre/lib/charsets.jar:/Library/Java/JavaVirtualMachines/jdk1.8.0_25.jdk/Contents/Home/jre/lib/jfr.jar:/Library/Java/JavaVirtualMachines/jdk1.8.0_25.jdk/Contents/Home/jre/classes" />
    <property name="debug.test.classpath" value="lib/jai_imageio.jar:lib/jna-4.1.0.jar:lib/ghost4j-0.5.1.jar:lib/log4j-1.2.17.jar:lib/commons-io-2.4.jar:build/classes:lib\junit-4.10.jar:build/test/classes" />
    <property name="nb.junit.batch" value="true" />
    <property name="have.tests" value="true" />
    <property name="jar.archive.disabled" value="false" />
    <property name="user.country" value="CN" />
    <property name="javadoc.notree" value="false" />
    <property name="application.homepage" value="http://tess4j.sf.net" />
    <property name="file.reference.commons-io-2.4.jar" value="lib/commons-io-2.4.jar" />
    <property name="javadoc.additionalparam" value="" />
    <property name="default.javac.target" value="1.4" />
    <property name="javac.classpath" value="lib/jai_imageio.jar:lib/jna-4.1.0.jar:lib/ghost4j-0.5.1.jar:lib/log4j-1.2.17.jar:lib/commons-io-2.4.jar" />
    <property name="build.classes.dir" value="build/classes" />
    <property name="javac.target" value="1.6" />
    <property name="java.vendor" value="Oracle Corporation" />
    <property name="runtime.encoding" value="UTF-8" />
    <property name="java.specification.version" value="1.8" />
    <property name="sun.arch.data.model" value="64" />
    <property name="mkdist.disabled" value="false" />
  </properties>
  <testcase classname="net.sourceforge.tess4j.TesseractTest" name="testDoOCR_File" time="0.883" />
  <testcase classname="net.sourceforge.tess4j.TesseractTest" name="testDoOCR_File_With_Configs" time="1.168" />
  <testcase classname="net.sourceforge.tess4j.TesseractTest" name="testDoOCR_File_Rectangle" time="0.469" />
  <testcase classname="net.sourceforge.tess4j.TesseractTest" name="testDoOCR_List_Rectangle" time="0.66" />
  <testcase classname="net.sourceforge.tess4j.TesseractTest" name="testDoOCR_BufferedImage" time="0.509" />
  <testcase classname="net.sourceforge.tess4j.TesseractTest" name="testDoOCR_SkewedImage" time="1.076" />
  <system-out><![CDATA[doOCR on a PNG image
The (quick) [brown] {fox} jumps!
Over the $43,456.78 <lazy> #90 dog
& duck/goose, as 12.5% of E-mail
from aspammer@website.com is spam.
Der ,,schnelle” braune Fuchs springt
ﬁber den faulen Hund. Le renard brun
«rapide» saute par-dessus le chien
paresseux. La volpe marrone rapida
salta sopra il cane pigro. El zorro
marrén répido salta sobre el perro
perezoso. A raposa marrom rzipida
salta sobre o cﬁo preguicoso.


doOCR with "digits" configs
1110 10111010 11110111111 110111 1111111151
01101 1116 341456.78 5121239 16990 000
81 0110111500501 215 12.5170 01 13-111311
110111 215021111111010011101151500111 15 51121111.
1301 501111011611 1312111110 11110115 50111151
11061 0011 121111011 1-111110. 1.0 161121111 1311111
1110010011 5211110 001-0055115 10 0111011
03165501121. 1.21 110100 11121110110 121011121
53113 500121 11 03110 0190. 1-31 20110
1112111011 12113100 521113 501316 01 110110
00162050. .4 1210050 1113110111 15101113
53113 501910 0 0510 01051110050.


doOCR on a BMP image with bounding rectangle
The (quick) [brown] {fox} jumps!
Over the $43,456.78 <lazy> #90 dog
& duck/goose, as 12.5% of E-mail
from aspammer@website.com is spam.
Der ,,schnelle” braune Fuchs springt
ﬁber den faulen Hund. Le renard brun
«rapide» saute par-dessus le chien
paresseux. La volpe marrone rapida
salta sopra il cane pigro. El zorro
marrén répido salta sobre el perro
perezoso. A raposa marrom rzipida
salta sobre o cﬁo preguicoso.


doOCR on a PDF document
0    [main] INFO  org.ghost4j.Ghostscript  - GPL Ghostscript 9.15 (2014-09-22)
0    [main] INFO  org.ghost4j.Ghostscript  - Copyright (C) 2014 Artifex Software, Inc.  All rights reserved.
0    [main] INFO  org.ghost4j.Ghostscript  - This software comes with NO WARRANTY: see the file PUBLIC for details.
38   [main] INFO  org.ghost4j.Ghostscript  - Processing pages 1 through 1.
38   [main] INFO  org.ghost4j.Ghostscript  - Page 1
The (quick) [brown] {fox} jumps!
Over the $43,456.78 <lazy> #90 dog
& duck/goose, as 12.5% of E-mail
from aspammer@website.com is spam.
Der ,,schnelle” braune Fuchs springt
ﬁber den faulen Hund. Le renard brun
«rapide» saute par-dessus le chien
paresseux. La volpe marrone rapida
salta sopra il cane pigro. El zorro
marrén répido salta sobre el perro
perezoso. A raposa marrom rzipida
salta sobre o cﬁo preguicoso.


doOCR on a buffered image of a GIF
The (quick) [brown] {fox} jumps!
Over the $43,456.78 <lazy> #90 dog
& duck/goose, as 12.5% of E-mail
from aspammer@website.com is spam.
Der ,,schnelle” braune Fuchs springt
ﬁber den faulen Hund. Le renard brun
«rapide» saute par-dessus le chien
paresseux. La volpe marrone rapida
salta sopra il cane pigro. El zorro
marrén répido salta sobre el perro
perezoso. A raposa marrom rzipida
salta sobre o cﬁo preguicoso.


doOCR on a skewed PNG image
The (quick) [brown] {fox} jumps!
Over the $43,456.78 <lazy> #90 dog
& duck/goose. as 12.5% of E-mail
from aspammer@website.com is spam.
Der ,.schneHe” braune Fuchs springt
ﬁber den faulen Hund. Le renard brun
«rapide» saute par-dessus le chien

paresseux. La volpe marrone rapida
salta sopra il cane pigro. El zorro

marrén répido salta sobre el perro

perezoso. A raposa marrom répida

salta sobre o cﬁo preguicoso.

 


]]></system-out>
  <system-err><![CDATA[]]></system-err>
</testsuite>
