<?xml version="1.0" encoding="UTF-8" ?>
<testsuite errors="0" failures="0" hostname="YiqiudeMacBook-Pro.local" name="net.sourceforge.tess4j.TessAPI1Test" skipped="0" tests="26" time="4.196" timestamp="2015-01-31T21:11:38">
  <properties>
    <property name="default.javac.source" value="1.4" />
    <property name="file.encoding.pkg" value="sun.io" />
    <property name="jnlp.signing.alias" value="" />
    <property name="user.language.format" value="en" />
    <property name="javac.source" value="1.6" />
    <property name="testng.debug.mode" value="" />
    <property name="java.home" value="/Library/Java/JavaVirtualMachines/jdk1.8.0_25.jdk/Contents/Home/jre" />
    <property name="test.src.dir" value="test" />
    <property name="javadoc.version" value="false" />
    <property name="jnlp.mixed.code" value="default" />
    <property name="libraries.path" value="/Users/Melancardie/Dropbox/Documents/My Code/Java/OwlExpress/lib/Tess4J/lib/nblibraries.properties" />
    <property name="java.endorsed.dirs" value="/Library/Java/JavaVirtualMachines/jdk1.8.0_25.jdk/Contents/Home/jre/lib/endorsed" />
    <property name="src.dir" value="src" />
    <property name="debug-args-line" value="-Xdebug" />
    <property name="build.sysclasspath" value="ignore" />
    <property name="have.sources" value="true" />
    <property name="includes" value="**" />
    <property name="javac.fork" value="false" />
    <property name="source.encoding" value="UTF-8" />
    <property name="sun.os.patch.level" value="unknown" />
    <property name="java.vendor.url" value="http://java.oracle.com/" />
    <property name="file.reference.ghost4j-0.5.1.jar" value="lib/ghost4j-0.5.1.jar" />
    <property name="java.version" value="1.8.0_25" />
    <property name="build.generated.subdirs" value="/Users/Melancardie/Dropbox/Documents/My Code/Java/OwlExpress/lib/Tess4J/build/generated-sources/ap-source-output" />
    <property name="javac.debug" value="false" />
    <property name="application.desc" value="A Java wrapper for Tesseract OCR API" />
    <property name="run.classpath" value="lib/jai_imageio.jar:lib/jna-4.1.0.jar:lib/ghost4j-0.5.1.jar:lib/log4j-1.2.17.jar:lib/commons-io-2.4.jar:build/classes" />
    <property name="java.vendor.url.bug" value="http://bugreport.sun.com/bugreport/" />
    <property name="auxiliary.org-netbeans-spi-editor-hints-projects.perProjectHintSettingsFile" value="nbproject/cfg_hints.xml" />
    <property name="ant.project.invoked-targets" value="test" />
    <property name="annotation.processing.run.all.processors" value="true" />
    <property name="user.name" value="root" />
    <property name="jnlp.enabled" value="false" />
    <property name="empty.dir" value="/Users/Melancardie/Dropbox/Documents/My Code/Java/OwlExpress/lib/Tess4J/build/empty" />
    <property name="sun.io.unicode.encoding" value="UnicodeBig" />
    <property name="sun.jnu.encoding" value="UTF-8" />
    <property name="java.runtime.name" value="Java(TM) SE Runtime Environment" />
    <property name="application.vendor" value="Quan Nguyen" />
    <property name="java.specification.name" value="Java Platform API Specification" />
    <property name="javadoc.author" value="false" />
    <property name="ap.proc.none.internal" value="" />
    <property name="ftp.nonProxyHosts" value="local|*.local|169.254/16|*.169.254/16" />
    <property name="user.timezone" value="America/Chicago" />
    <property name="path.separator" value=":" />
    <property name="testng.mode" value="testng" />
    <property name="version-output" value="java version &quot;1.8" />
    <property name="jnlp.signing" value="" />
    <property name="file.encoding" value="UTF-8" />
    <property name="dist.javadoc.dir" value="dist/javadoc" />
    <property name="ant.project.default-target" value="default" />
    <property name="javac.profile.cmd.line.arg" value="" />
    <property name="sun.java.command" value="org.apache.tools.ant.taskdefs.optional.junit.JUnitTestRunner net.sourceforge.tess4j.TessAPI1Test skipNonTests=false filtertrace=true haltOnError=false haltOnFailure=false showoutput=true outputtoformatters=true logfailedtests=true threadid=0 logtestlistenerevents=false formatter=org.apache.tools.ant.taskdefs.optional.junit.BriefJUnitResultFormatter formatter=org.apache.tools.ant.taskdefs.optional.junit.XMLJUnitResultFormatter,/Users/Melancardie/Dropbox/Documents/My Code/Java/OwlExpress/lib/Tess4J/build/test/results/TEST-net.sourceforge.tess4j.TessAPI1Test.xml crashfile=/Users/Melancardie/Dropbox/Documents/My Code/Java/OwlExpress/lib/Tess4J/build/junitvmwatcher498179974343754570.properties propsfile=/Users/Melancardie/Dropbox/Documents/My Code/Java/OwlExpress/lib/Tess4J/build/junit3461563478105706256.properties" />
    <property name="built-jar.properties" value="/Users/Melancardie/Dropbox/Documents/My Code/Java/OwlExpress/lib/Tess4J/build/built-jar.properties" />
    <property name="socksNonProxyHosts" value="local|*.local|169.254/16|*.169.254/16" />
    <property name="ant.file" value="/Users/Melancardie/Dropbox/Documents/My Code/Java/OwlExpress/lib/Tess4J/build.xml" />
    <property name="junit.available" value="true" />
    <property name="do.jar" value="true" />
    <property name="java.io.tmpdir" value="/var/folders/zz/zyxvpxvq6csfxvn_n0000000000000/T/" />
    <property name="build.test.results.dir" value="build/test/results" />
    <property name="user.language" value="zh" />
    <property name="line.separator" value="&#xa;" />
    <property name="javac.compilerargs" value="" />
    <property name="ant.file.type" value="file" />
    <property name="file.reference.jai_imageio.jar" value="lib/jai_imageio.jar" />
    <property name="jar.compress" value="false" />
    <property name="debug-transport-by-os" value="dt_socket" />
    <property name="ant.file.Tess4J-impl" value="/Users/Melancardie/Dropbox/Documents/My Code/Java/OwlExpress/lib/Tess4J/nbproject/build-impl.xml" />
    <property name="do.depend.true" value="true" />
    <property name="java.vm.info" value="mixed mode" />
    <property name="javadoc.private" value="false" />
    <property name="annotation.processing.processors.list" value="" />
    <property name="build.test.classes.dir" value="build/test/classes" />
    <property name="java.vm.specification.name" value="Java Virtual Machine Specification" />
    <property name="version" value="1.4.1" />
    <property name="ant.file.type.Tess4J-impl" value="file" />
    <property name="test.binaryexcludes" value="" />
    <property name="file.reference.log4j-1.2.17.jar" value="lib/log4j-1.2.17.jar" />
    <property name="platform.active" value="default_platform" />
    <property name="ap.cmd.line.internal" value="" />
    <property name="jdkBug6558476" value="false" />
    <property name="http.nonProxyHosts" value="local|*.local|169.254/16|*.169.254/16" />
    <property name="endorsed.classpath" value="" />
    <property name="javadoc.encoding" value="UTF-8" />
    <property name="java.awt.printerjob" value="sun.lwawt.macosx.CPrinterJob" />
    <property name="ap.processors.internal" value="" />
    <property name="do.archive" value="true" />
    <property name="dist.jar" value="dist/tess4j.jar" />
    <property name="meta.inf.dir" value="src/META-INF" />
    <property name="ant.version" value="Apache Ant(TM) version 1.9.4 compiled on April 29 2014" />
    <property name="ant.file.Tess4J" value="/Users/Melancardie/Dropbox/Documents/My Code/Java/OwlExpress/lib/Tess4J/build.xml" />
    <property name="javadoc.nonavbar" value="false" />
    <property name="user.country.format" value="US" />
    <property name="user.properties.file" value="C:\Users\Quan\AppData\Roaming\NetBeans\8.0.2\build.properties" />
    <property name="gopherProxySet" value="false" />
    <property name="annotation.processing.source.output" value="build/generated-sources/ap-source-output" />
    <property name="build.generated.dir" value="build/generated" />
    <property name="os.name" value="Mac OS X" />
    <property name="java.specification.vendor" value="Oracle Corporation" />
    <property name="file.reference.junit-4.10.jar" value="lib\junit-4.10.jar" />
    <property name="run.test.classpath" value="lib/jai_imageio.jar:lib/jna-4.1.0.jar:lib/ghost4j-0.5.1.jar:lib/log4j-1.2.17.jar:lib/commons-io-2.4.jar:build/classes:lib\junit-4.10.jar:build/test/classes" />
    <property name="java.vm.name" value="Java HotSpot(TM) 64-Bit Server VM" />
    <property name="ant.file.type.Tess4J" value="file" />
    <property name="ap.supported.internal" value="true" />
    <property name="java.library.path" value="/var/root/Library/Java/Extensions:/Library/Java/Extensions:/Network/Library/Java/Extensions:/System/Library/Java/Extensions:/usr/lib/java:." />
    <property name="ant.java.version" value="1.8" />
    <property name="basedir" value="/Users/Melancardie/Dropbox/Documents/My Code/Java/OwlExpress/lib/Tess4J" />
    <property name="javadoc.noindex" value="false" />
    <property name="java.class.version" value="52.0" />
    <property name="javac.test.classpath" value="lib/jai_imageio.jar:lib/jna-4.1.0.jar:lib/ghost4j-0.5.1.jar:lib/log4j-1.2.17.jar:lib/commons-io-2.4.jar:build/classes:lib\junit-4.10.jar" />
    <property name="javac.processorpath" value="lib/jai_imageio.jar:lib/jna-4.1.0.jar:lib/ghost4j-0.5.1.jar:lib/log4j-1.2.17.jar:lib/commons-io-2.4.jar" />
    <property name="ant.home" value="/usr/local/Cellar/ant/1.9.4/libexec" />
    <property name="javadoc.splitindex" value="true" />
    <property name="javac.test.processorpath" value="lib/jai_imageio.jar:lib/jna-4.1.0.jar:lib/ghost4j-0.5.1.jar:lib/log4j-1.2.17.jar:lib/commons-io-2.4.jar:build/classes:lib\junit-4.10.jar" />
    <property name="javadoc.preview" value="true" />
    <property name="copylibs.rebase" value="true" />
    <property name="jnlp.signing.keystore" value="" />
    <property name="junit.forkmode" value="perTest" />
    <property name="test.binarytestincludes" value="" />
    <property name="sun.boot.library.path" value="/Library/Java/JavaVirtualMachines/jdk1.8.0_25.jdk/Contents/Home/jre/lib" />
    <property name="build.dir" value="build" />
    <property name="application.title" value="Tess4J" />
    <property name="sun.management.compiler" value="HotSpot 64-Bit Tiered Compilers" />
    <property name="java.awt.graphicsenv" value="sun.awt.CGraphicsEnvironment" />
    <property name="javadoc.encoding.used" value="UTF-8" />
    <property name="libraries.dir.nativedirsep" value="/Users/Melancardie/Dropbox/Documents/My Code/Java/OwlExpress/lib/Tess4J/lib" />
    <property name="javadoc.windowtitle" value="Tess4J API" />
    <property name="run.jvmargs.ide" value="" />
    <property name="annotation.processing.enabled" value="true" />
    <property name="build.generated.sources.dir" value="build/generated-sources" />
    <property name="nb.junit.single" value="false" />
    <property name="run.jvmargs" value="" />
    <property name="ant.project.name" value="Tess4J" />
    <property name="java.vm.specification.version" value="1.8" />
    <property name="work.dir" value="/Users/Melancardie/Dropbox/Documents/My Code/Java/OwlExpress/lib/Tess4J" />
    <property name="awt.toolkit" value="sun.lwawt.macosx.LWCToolkit" />
    <property name="javadoc.use" value="true" />
    <property name="sun.cpu.isalist" value="" />
    <property name="java.ext.dirs" value="/var/root/Library/Java/Extensions:/Library/Java/JavaVirtualMachines/jdk1.8.0_25.jdk/Contents/Home/jre/lib/ext:/Library/Java/Extensions:/Network/Library/Java/Extensions:/System/Library/Java/Extensions:/usr/lib/java" />
    <property name="os.version" value="10.10.1" />
    <property name="excludes" value="" />
    <property name="user.home" value="/var/root" />
    <property name="jnlp.descriptor" value="application" />
    <property name="libraries.basename" value="nblibraries" />
    <property name="java.vm.vendor" value="Oracle Corporation" />
    <property name="user.dir" value="/Users/Melancardie/Dropbox/Documents/My Code/Java/OwlExpress/lib/Tess4J" />
    <property name="debug-transport" value="dt_socket" />
    <property name="application.args" value="" />
    <property name="sun.cpu.endian" value="little" />
    <property name="compile.on.save" value="true" />
    <property name="project.license" value="apache20" />
    <property name="endorsed.classpath.cmd.line.arg" value="" />
    <property name="jar.index" value="false" />
    <property name="libraries.dir" value="/Users/Melancardie/Dropbox/Documents/My Code/Java/OwlExpress/lib/Tess4J/lib" />
    <property name="java.vm.version" value="25.25-b02" />
    <property name="jnlp.offline-allowed" value="false" />
    <property name="test.binaryincludes" value="&lt;nothing&gt;" />
    <property name="java.class.path" value="/Users/Melancardie/Dropbox/Documents/My Code/Java/OwlExpress/lib/Tess4J/lib/jai_imageio.jar:/Users/Melancardie/Dropbox/Documents/My Code/Java/OwlExpress/lib/Tess4J/lib/jna-4.1.0.jar:/Users/Melancardie/Dropbox/Documents/My Code/Java/OwlExpress/lib/Tess4J/lib/ghost4j-0.5.1.jar:/Users/Melancardie/Dropbox/Documents/My Code/Java/OwlExpress/lib/Tess4J/lib/log4j-1.2.17.jar:/Users/Melancardie/Dropbox/Documents/My Code/Java/OwlExpress/lib/Tess4J/lib/commons-io-2.4.jar:/Users/Melancardie/Dropbox/Documents/My Code/Java/OwlExpress/lib/Tess4J/build/classes:/Users/Melancardie/Dropbox/Documents/My Code/Java/OwlExpress/lib/Tess4J/lib/junit-4.10.jar:/Users/Melancardie/Dropbox/Documents/My Code/Java/OwlExpress/lib/Tess4J/build/test/classes:/usr/local/Cellar/ant/1.9.4/libexec/lib/ant-launcher.jar:/usr/local/Cellar/ant/1.9.4/libexec/lib/ant.jar:/usr/local/Cellar/ant/1.9.4/libexec/lib/ant-junit.jar:/usr/local/Cellar/ant/1.9.4/libexec/lib/ant-junit4.jar" />
    <property name="annotation.processing.processor.options" value="" />
    <property name="ant.library.dir" value="/usr/local/Cellar/ant/1.9.4/libexec/lib" />
    <property name="os.arch" value="x86_64" />
    <property name="javac.deprecation" value="true" />
    <property name="file.reference.jna-4.1.0.jar" value="lib/jna-4.1.0.jar" />
    <property name="build.classes.excludes" value="**/*.java,**/*.form" />
    <property name="dist.dir" value="dist" />
    <property name="debug.classpath" value="lib/jai_imageio.jar:lib/jna-4.1.0.jar:lib/ghost4j-0.5.1.jar:lib/log4j-1.2.17.jar:lib/commons-io-2.4.jar:build/classes" />
    <property name="sun.java.launcher" value="SUN_STANDARD" />
    <property name="jar.index.metainf" value="false" />
    <property name="jnlp.codebase.type" value="no.codebase" />
    <property name="platform.java" value="/Library/Java/JavaVirtualMachines/jdk1.8.0_25.jdk/Contents/Home/jre/bin/java" />
    <property name="annotation.processing.enabled.in.editor" value="false" />
    <property name="ant.core.lib" value="/usr/local/Cellar/ant/1.9.4/libexec/lib/ant.jar" />
    <property name="jnlp.signed" value="false" />
    <property name="java.vm.specification.vendor" value="Oracle Corporation" />
    <property name="do.depend" value="true" />
    <property name="file.separator" value="/" />
    <property name="java.runtime.version" value="1.8.0_25-b17" />
    <property name="sun.boot.class.path" value="/Library/Java/JavaVirtualMachines/jdk1.8.0_25.jdk/Contents/Home/jre/lib/resources.jar:/Library/Java/JavaVirtualMachines/jdk1.8.0_25.jdk/Contents/Home/jre/lib/rt.jar:/Library/Java/JavaVirtualMachines/jdk1.8.0_25.jdk/Contents/Home/jre/lib/sunrsasign.jar:/Library/Java/JavaVirtualMachines/jdk1.8.0_25.jdk/Contents/Home/jre/lib/jsse.jar:/Library/Java/JavaVirtualMachines/jdk1.8.0_25.jdk/Contents/Home/jre/lib/jce.jar:/Library/Java/JavaVirtualMachines/jdk1.8.0_25.jdk/Contents/Home/jre/lib/charsets.jar:/Library/Java/JavaVirtualMachines/jdk1.8.0_25.jdk/Contents/Home/jre/lib/jfr.jar:/Library/Java/JavaVirtualMachines/jdk1.8.0_25.jdk/Contents/Home/jre/classes" />
    <property name="debug.test.classpath" value="lib/jai_imageio.jar:lib/jna-4.1.0.jar:lib/ghost4j-0.5.1.jar:lib/log4j-1.2.17.jar:lib/commons-io-2.4.jar:build/classes:lib\junit-4.10.jar:build/test/classes" />
    <property name="nb.junit.batch" value="true" />
    <property name="have.tests" value="true" />
    <property name="jar.archive.disabled" value="false" />
    <property name="user.country" value="CN" />
    <property name="javadoc.notree" value="false" />
    <property name="application.homepage" value="http://tess4j.sf.net" />
    <property name="file.reference.commons-io-2.4.jar" value="lib/commons-io-2.4.jar" />
    <property name="javadoc.additionalparam" value="" />
    <property name="default.javac.target" value="1.4" />
    <property name="javac.classpath" value="lib/jai_imageio.jar:lib/jna-4.1.0.jar:lib/ghost4j-0.5.1.jar:lib/log4j-1.2.17.jar:lib/commons-io-2.4.jar" />
    <property name="build.classes.dir" value="build/classes" />
    <property name="javac.target" value="1.6" />
    <property name="java.vendor" value="Oracle Corporation" />
    <property name="runtime.encoding" value="UTF-8" />
    <property name="java.specification.version" value="1.8" />
    <property name="sun.arch.data.model" value="64" />
    <property name="mkdist.disabled" value="false" />
  </properties>
  <testcase classname="net.sourceforge.tess4j.TessAPI1Test" name="testTessBaseAPISetImage" time="0.068" />
  <testcase classname="net.sourceforge.tess4j.TessAPI1Test" name="testTessBaseAPISetRectangle" time="0.0" />
  <testcase classname="net.sourceforge.tess4j.TessAPI1Test" name="testTessBaseAPIProcessPages" time="0.458" />
  <testcase classname="net.sourceforge.tess4j.TessAPI1Test" name="testTessBaseAPIGetHOCRText" time="1.051" />
  <testcase classname="net.sourceforge.tess4j.TessAPI1Test" name="testOSD" time="0.492" />
  <testcase classname="net.sourceforge.tess4j.TessAPI1Test" name="testResultIterator" time="0.537" />
  <testcase classname="net.sourceforge.tess4j.TessAPI1Test" name="testTessBaseAPIClear" time="0.0" />
  <testcase classname="net.sourceforge.tess4j.TessAPI1Test" name="testTessBaseAPIEnd" time="0.0" />
  <testcase classname="net.sourceforge.tess4j.TessAPI1Test" name="testTessBaseAPICreate" time="0.0" />
  <testcase classname="net.sourceforge.tess4j.TessAPI1Test" name="testTessBaseAPIDelete" time="0.001" />
  <testcase classname="net.sourceforge.tess4j.TessAPI1Test" name="testTessBaseAPISetInputName" time="0.0" />
  <testcase classname="net.sourceforge.tess4j.TessAPI1Test" name="testTessBaseAPISetOutputName" time="0.0" />
  <testcase classname="net.sourceforge.tess4j.TessAPI1Test" name="testTessBaseAPISetVariable" time="0.0" />
  <testcase classname="net.sourceforge.tess4j.TessAPI1Test" name="testTessBaseAPIGetBoolVariable" time="0.0" />
  <testcase classname="net.sourceforge.tess4j.TessAPI1Test" name="testTessBaseAPIPrintVariablesToFile" time="0.002" />
  <testcase classname="net.sourceforge.tess4j.TessAPI1Test" name="testTessBaseAPIInit1" time="0.455" />
  <testcase classname="net.sourceforge.tess4j.TessAPI1Test" name="testTessBaseAPIGetUTF8Text" time="0.499" />
  <testcase classname="net.sourceforge.tess4j.TessAPI1Test" name="testTessVersion" time="0.001" />
  <testcase classname="net.sourceforge.tess4j.TessAPI1Test" name="testTessBaseAPIInit2" time="0.02" />
  <testcase classname="net.sourceforge.tess4j.TessAPI1Test" name="testTessBaseAPIInit3" time="0.02" />
  <testcase classname="net.sourceforge.tess4j.TessAPI1Test" name="testTessBaseAPIGetInitLanguagesAsString" time="0.0" />
  <testcase classname="net.sourceforge.tess4j.TessAPI1Test" name="testTessBaseAPIGetLoadedLanguagesAsVector" time="0.02" />
  <testcase classname="net.sourceforge.tess4j.TessAPI1Test" name="testTessBaseAPIGetAvailableLanguagesAsVector" time="0.021" />
  <testcase classname="net.sourceforge.tess4j.TessAPI1Test" name="testTessBaseAPISetPageSegMode" time="0.0" />
  <testcase classname="net.sourceforge.tess4j.TessAPI1Test" name="testTessBaseAPIGetPageSegMode" time="0.0" />
  <testcase classname="net.sourceforge.tess4j.TessAPI1Test" name="testTessBaseAPIRect" time="0.485" />
  <system-out><![CDATA[TessBaseAPISetImage
TessBaseAPISetRectangle
TessBaseAPIProcessPages
TessBaseAPIGetHOCRText
OSD
Orientation: ORIENTATION_PAGE_UP
WritingDirection: WRITING_DIRECTION_LEFT_TO_RIGHT
TextlineOrder: TEXTLINE_ORDER_TOP_TO_BOTTOM
Deskew angle: -0.0000

TessBaseAPIGetIterator
Bounding boxes:
char(s) left top right bottom confidence font-attributes
The 105 66 178 97 90.767220  font: Times_New_Roman, size: 9, font id: 283, bold: false, italic: false, underlined: false, monospace: false, serif: true, smallcap: false
(quick) 205 67 347 106 87.500000  font: Times_New_Roman, size: 9, font id: 283, bold: false, italic: false, underlined: false, monospace: false, serif: true, smallcap: false
[brown] 376 69 528 109 89.932251  font: Times_New_Roman, size: 9, font id: 283, bold: false, italic: false, underlined: false, monospace: false, serif: true, smallcap: false
{fox} 559 71 663 110 90.098473  font: Times_New_Roman, size: 9, font id: 283, bold: false, italic: false, underlined: false, monospace: false, serif: true, smallcap: false
jumps! 687 73 823 113 90.716324  font: Times_New_Roman, size: 9, font id: 283, bold: false, italic: false, underlined: false, monospace: false, serif: true, smallcap: false
Over 104 115 199 147 92.650970  font: Times_New_Roman, size: 10, font id: 283, bold: false, italic: false, underlined: false, monospace: false, serif: true, smallcap: false
the 224 117 283 148 89.343658  font: Times_New_Roman, size: 10, font id: 283, bold: false, italic: false, underlined: false, monospace: false, serif: true, smallcap: false
$43,456.78 310 117 533 155 89.098480  font: Times_New_Roman, size: 10, font id: 283, bold: false, italic: false, underlined: false, monospace: false, serif: true, smallcap: false
<lazy> 561 121 696 162 92.907623  font: Times_New_Roman, size: 10, font id: 283, bold: false, italic: false, underlined: false, monospace: false, serif: true, smallcap: false
#90 722 123 791 154 91.800201  font: Times_New_Roman, size: 10, font id: 283, bold: false, italic: false, underlined: false, monospace: false, serif: true, smallcap: false
dog 818 125 887 165 90.100510  font: Times_New_Roman, size: 10, font id: 283, bold: false, italic: false, underlined: false, monospace: false, serif: true, smallcap: false
& 103 165 134 196 91.685547  font: Times_New_Roman, size: 10, font id: 283, bold: false, italic: false, underlined: false, monospace: false, serif: true, smallcap: false
duck/goose, 160 166 396 206 88.571831  font: Times_New_Roman, size: 10, font id: 283, bold: false, italic: false, underlined: false, monospace: false, serif: true, smallcap: false
as 424 178 463 201 93.514618  font: Times_New_Roman, size: 10, font id: 283, bold: false, italic: false, underlined: false, monospace: false, serif: true, smallcap: false
12.5% 493 171 614 203 91.952271  font: Times_New_Roman, size: 10, font id: 283, bold: false, italic: false, underlined: false, monospace: false, serif: true, smallcap: false
of 638 172 680 204 90.451614  font: Times_New_Roman, size: 10, font id: 283, bold: false, italic: false, underlined: false, monospace: false, serif: true, smallcap: false
E-mail 700 174 835 206 91.344429  font: Times_New_Roman, size: 10, font id: 283, bold: false, italic: false, underlined: false, monospace: false, serif: true, smallcap: false
from 103 215 194 247 89.253746  font: Times_New_Roman, size: 9, font id: 283, bold: false, italic: false, underlined: false, monospace: false, serif: true, smallcap: false
aspammer@website.com 220 219 716 260 88.953171  font: Times_New_Roman, size: 9, font id: 283, bold: false, italic: false, underlined: false, monospace: false, serif: true, smallcap: false
is 742 223 773 255 94.242500  font: Times_New_Roman, size: 9, font id: 283, bold: false, italic: false, underlined: false, monospace: false, serif: true, smallcap: false
spam. 799 233 911 264 89.642845  font: Times_New_Roman, size: 9, font id: 283, bold: false, italic: false, underlined: false, monospace: false, serif: true, smallcap: false
Der 102 266 173 297 91.693726  font: Times_New_Roman, size: 10, font id: 283, bold: false, italic: false, underlined: false, monospace: false, serif: true, smallcap: false
,,schnelle” 198 267 406 302 78.856628  font: Times_New_Roman, size: 10, font id: 283, bold: false, italic: false, underlined: false, monospace: false, serif: true, smallcap: false
braune 433 269 568 302 90.989685  font: Times_New_Roman, size: 10, font id: 283, bold: false, italic: false, underlined: false, monospace: false, serif: true, smallcap: false
Fuchs 594 272 709 304 92.036606  font: Times_New_Roman, size: 10, font id: 283, bold: false, italic: false, underlined: false, monospace: false, serif: true, smallcap: false
springt 735 274 877 314 85.802315  font: Times_New_Roman, size: 10, font id: 283, bold: false, italic: false, underlined: false, monospace: false, serif: true, smallcap: false
ﬁber 102 315 187 347 77.427635  font: Times_New_Roman, size: 9, font id: 283, bold: false, italic: false, underlined: false, monospace: false, serif: true, smallcap: false
den 212 317 280 348 92.725639  font: Times_New_Roman, size: 9, font id: 283, bold: false, italic: false, underlined: false, monospace: false, serif: true, smallcap: false
faulen 306 318 430 350 87.392044  font: Times_New_Roman, size: 9, font id: 283, bold: false, italic: false, underlined: false, monospace: false, serif: true, smallcap: false
Hund. 456 320 572 352 92.815437  font: Times_New_Roman, size: 9, font id: 283, bold: false, italic: false, underlined: false, monospace: false, serif: true, smallcap: false
Le 601 322 648 354 91.709900  font: Times_New_Roman, size: 9, font id: 283, bold: false, italic: false, underlined: false, monospace: false, serif: true, smallcap: false
renard 674 324 803 356 89.479660  font: Times_New_Roman, size: 9, font id: 283, bold: false, italic: false, underlined: false, monospace: false, serif: true, smallcap: false
brun 827 325 918 357 92.530449  font: Times_New_Roman, size: 9, font id: 283, bold: false, italic: false, underlined: false, monospace: false, serif: true, smallcap: false
«rapide» 101 366 274 405 89.106445  font: Times_New_Roman, size: 10, font id: 283, bold: false, italic: false, underlined: false, monospace: false, serif: true, smallcap: false
saute 302 373 403 400 90.068596  font: Times_New_Roman, size: 10, font id: 283, bold: false, italic: false, underlined: false, monospace: false, serif: true, smallcap: false
par-dessus 428 371 641 409 90.267944  font: Times_New_Roman, size: 10, font id: 283, bold: false, italic: false, underlined: false, monospace: false, serif: true, smallcap: false
le 667 372 700 404 92.761230  font: Times_New_Roman, size: 10, font id: 283, bold: false, italic: false, underlined: false, monospace: false, serif: true, smallcap: false
chien 725 374 833 406 91.074486  font: Times_New_Roman, size: 10, font id: 283, bold: false, italic: false, underlined: false, monospace: false, serif: true, smallcap: false
paresseux. 100 424 308 454 89.654541  font: Times_New_Roman, size: 9, font id: 283, bold: false, italic: false, underlined: false, monospace: false, serif: true, smallcap: false
La 337 419 384 450 90.037682  font: Times_New_Roman, size: 9, font id: 283, bold: false, italic: false, underlined: false, monospace: false, serif: true, smallcap: false
volpe 409 420 516 459 93.499756  font: Times_New_Roman, size: 9, font id: 283, bold: false, italic: false, underlined: false, monospace: false, serif: true, smallcap: false
marrone 543 430 707 455 90.102051  font: Times_New_Roman, size: 9, font id: 283, bold: false, italic: false, underlined: false, monospace: false, serif: true, smallcap: false
rapida 733 424 859 464 86.662727  font: Times_New_Roman, size: 9, font id: 283, bold: false, italic: false, underlined: false, monospace: false, serif: true, smallcap: false
salta 100 466 192 497 91.222679  font: Arial_Bold, size: 10, font id: 25, bold: true, italic: false, underlined: false, monospace: false, serif: false, smallcap: false
sopra 219 475 324 507 90.480843  font: Times_New_Roman, size: 10, font id: 283, bold: false, italic: false, underlined: false, monospace: false, serif: true, smallcap: false
il 351 468 376 499 91.058411  font: Times_New_Roman, size: 10, font id: 283, bold: false, italic: false, underlined: false, monospace: false, serif: true, smallcap: false
cane 403 478 491 501 91.604195  font: Times_New_Roman, size: 10, font id: 283, bold: false, italic: false, underlined: false, monospace: false, serif: true, smallcap: false
pigro. 517 471 633 511 90.220543  font: Times_New_Roman, size: 10, font id: 283, bold: false, italic: false, underlined: false, monospace: false, serif: true, smallcap: false
El 662 473 703 504 95.934021  font: Georgia_Bold, size: 10, font id: 136, bold: true, italic: false, underlined: false, monospace: false, serif: true, smallcap: false
zorro 729 482 834 506 90.218468  font: Times_New_Roman, size: 10, font id: 283, bold: false, italic: false, underlined: false, monospace: false, serif: true, smallcap: false
marrén 99 516 242 548 78.895264  font: Times_New_Roman, size: 10, font id: 283, bold: false, italic: false, underlined: false, monospace: false, serif: true, smallcap: false
répido 268 517 395 557 78.803009  font: Times_New_Roman, size: 10, font id: 283, bold: false, italic: false, underlined: false, monospace: false, serif: true, smallcap: false
salta 421 520 513 552 91.021156  font: Times_New_Roman, size: 10, font id: 283, bold: false, italic: false, underlined: false, monospace: false, serif: true, smallcap: false
sobre 540 521 644 554 91.359901  font: Times_New_Roman, size: 10, font id: 283, bold: false, italic: false, underlined: false, monospace: false, serif: true, smallcap: false
el 669 523 702 554 88.865158  font: Times_New_Roman, size: 10, font id: 283, bold: false, italic: false, underlined: false, monospace: false, serif: true, smallcap: false
perro 728 532 833 563 88.460793  font: Times_New_Roman, size: 10, font id: 283, bold: false, italic: false, underlined: false, monospace: false, serif: true, smallcap: false
perezoso. 98 574 284 604 91.213989  font: Times_New_Roman, size: 10, font id: 283, bold: false, italic: false, underlined: false, monospace: false, serif: true, smallcap: false
A 313 568 342 598 93.007507  font: Times_New_Roman, size: 10, font id: 283, bold: false, italic: false, underlined: false, monospace: false, serif: true, smallcap: false
raposa 369 578 497 609 91.828201  font: Times_New_Roman, size: 10, font id: 283, bold: false, italic: false, underlined: false, monospace: false, serif: true, smallcap: false
marrom 523 579 677 604 90.031433  font: Times_New_Roman, size: 10, font id: 283, bold: false, italic: false, underlined: false, monospace: false, serif: true, smallcap: false
rzipida 703 573 829 613 77.886475  font: Times_New_Roman, size: 10, font id: 283, bold: false, italic: false, underlined: false, monospace: false, serif: true, smallcap: false
salta 98 616 190 647 85.691055  font: Times_New_Roman, size: 10, font id: 283, bold: false, italic: false, underlined: false, monospace: false, serif: true, smallcap: false
sobre 217 617 320 649 90.560913  font: Times_New_Roman, size: 10, font id: 283, bold: false, italic: false, underlined: false, monospace: false, serif: true, smallcap: false
o 346 627 366 650 94.669769  font: Century_Schoolbook_L_Bold, size: 10, font id: 60, bold: true, italic: false, underlined: false, monospace: false, serif: true, smallcap: false
cﬁo 391 621 456 651 72.071564  font: Times_New_Roman, size: 10, font id: 283, bold: false, italic: false, underlined: false, monospace: false, serif: true, smallcap: false
preguicoso. 481 621 710 661 74.315262  font: Times_New_Roman, size: 10, font id: 283, bold: false, italic: false, underlined: false, monospace: false, serif: true, smallcap: false
TessBaseAPIClear
TessBaseAPIEnd
TessBaseAPICreate
TessBaseAPIDelete
TessBaseAPISetInputName
TessBaseAPISetOutputName
TessBaseAPISetVariable
TessBaseAPIGetBoolVariable
TessBaseAPIPrintVariablesToFile
TessBaseAPIInit1
TessBaseAPIGetUTF8Text
The (quick) [brown] {fox} jumps!
Over the $43,456.78 <lazy> #90 dog
& duck/goose, as 12.5% of E-mail
from aspammer@website.com is spam.
Der ,,schnelle” braune Fuchs springt
ﬁber den faulen Hund. Le renard brun
«rapide» saute par-dessus le chien
paresseux. La volpe marrone rapida
salta sopra il cane pigro. El zorro
marrén répido salta sobre el perro
perezoso. A raposa marrom rzipida
salta sobre o cﬁo preguicoso.


TessVersion
3.02.02
TessBaseAPIInit2
TessBaseAPIInit3
TessBaseAPIGetInitLanguagesAsString
TessBaseAPIGetLoadedLanguagesAsVector
TessBaseAPIGetAvailableLanguagesAsVector
TessBaseAPISetPageSegMode
TessBaseAPIGetPageSegMode
TessBaseAPIRect
The (quick) [brown] {fox} jumps!
Over the $43,456.78 <lazy> #90 dog
& duck/goose, as 12.5% of E-mail
from aspammer@website.com is spam.
Der ,,schnelle” braune Fuchs springt
ﬁber den faulen Hund. Le renard brun
«rapide» saute par-dessus le chien
paresseux. La volpe marrone rapida
salta sopra il cane pigro. El zorro
marrén répido salta sobre el perro
perezoso. A raposa marrom rzipida
salta sobre o cﬁo preguicoso.


]]></system-out>
  <system-err><![CDATA[ocr alive: false
progress: 0
ocr alive: false
progress: 0
ocr alive: false
progress: 0
ocr alive: false
progress: 0
ocr alive: false
progress: 0
message: 00000
ocr alive: true
progress: 100
]]></system-err>
</testsuite>
