<?xml version="1.0" encoding="UTF-8" ?>
<testsuite errors="0" failures="0" hostname="YiqiudeMacBook-Pro.local" name="net.sourceforge.tess4j.Tesseract1Test" skipped="0" tests="7" time="5.629" timestamp="2015-01-31T21:11:47">
  <properties>
    <property name="default.javac.source" value="1.4" />
    <property name="file.encoding.pkg" value="sun.io" />
    <property name="jnlp.signing.alias" value="" />
    <property name="user.language.format" value="en" />
    <property name="javac.source" value="1.6" />
    <property name="testng.debug.mode" value="" />
    <property name="java.home" value="/Library/Java/JavaVirtualMachines/jdk1.8.0_25.jdk/Contents/Home/jre" />
    <property name="test.src.dir" value="test" />
    <property name="javadoc.version" value="false" />
    <property name="jnlp.mixed.code" value="default" />
    <property name="libraries.path" value="/Users/Melancardie/Dropbox/Documents/My Code/Java/OwlExpress/lib/Tess4J/lib/nblibraries.properties" />
    <property name="java.endorsed.dirs" value="/Library/Java/JavaVirtualMachines/jdk1.8.0_25.jdk/Contents/Home/jre/lib/endorsed" />
    <property name="src.dir" value="src" />
    <property name="debug-args-line" value="-Xdebug" />
    <property name="build.sysclasspath" value="ignore" />
    <property name="have.sources" value="true" />
    <property name="includes" value="**" />
    <property name="javac.fork" value="false" />
    <property name="source.encoding" value="UTF-8" />
    <property name="sun.os.patch.level" value="unknown" />
    <property name="java.vendor.url" value="http://java.oracle.com/" />
    <property name="file.reference.ghost4j-0.5.1.jar" value="lib/ghost4j-0.5.1.jar" />
    <property name="java.version" value="1.8.0_25" />
    <property name="build.generated.subdirs" value="/Users/Melancardie/Dropbox/Documents/My Code/Java/OwlExpress/lib/Tess4J/build/generated-sources/ap-source-output" />
    <property name="javac.debug" value="false" />
    <property name="application.desc" value="A Java wrapper for Tesseract OCR API" />
    <property name="run.classpath" value="lib/jai_imageio.jar:lib/jna-4.1.0.jar:lib/ghost4j-0.5.1.jar:lib/log4j-1.2.17.jar:lib/commons-io-2.4.jar:build/classes" />
    <property name="java.vendor.url.bug" value="http://bugreport.sun.com/bugreport/" />
    <property name="auxiliary.org-netbeans-spi-editor-hints-projects.perProjectHintSettingsFile" value="nbproject/cfg_hints.xml" />
    <property name="ant.project.invoked-targets" value="test" />
    <property name="annotation.processing.run.all.processors" value="true" />
    <property name="user.name" value="root" />
    <property name="jnlp.enabled" value="false" />
    <property name="empty.dir" value="/Users/Melancardie/Dropbox/Documents/My Code/Java/OwlExpress/lib/Tess4J/build/empty" />
    <property name="sun.io.unicode.encoding" value="UnicodeBig" />
    <property name="sun.jnu.encoding" value="UTF-8" />
    <property name="java.runtime.name" value="Java(TM) SE Runtime Environment" />
    <property name="application.vendor" value="Quan Nguyen" />
    <property name="java.specification.name" value="Java Platform API Specification" />
    <property name="javadoc.author" value="false" />
    <property name="ap.proc.none.internal" value="" />
    <property name="ftp.nonProxyHosts" value="local|*.local|169.254/16|*.169.254/16" />
    <property name="user.timezone" value="America/Chicago" />
    <property name="path.separator" value=":" />
    <property name="testng.mode" value="testng" />
    <property name="version-output" value="java version &quot;1.8" />
    <property name="jnlp.signing" value="" />
    <property name="file.encoding" value="UTF-8" />
    <property name="dist.javadoc.dir" value="dist/javadoc" />
    <property name="ant.project.default-target" value="default" />
    <property name="javac.profile.cmd.line.arg" value="" />
    <property name="sun.java.command" value="org.apache.tools.ant.taskdefs.optional.junit.JUnitTestRunner net.sourceforge.tess4j.Tesseract1Test skipNonTests=false filtertrace=true haltOnError=false haltOnFailure=false showoutput=true outputtoformatters=true logfailedtests=true threadid=0 logtestlistenerevents=false formatter=org.apache.tools.ant.taskdefs.optional.junit.BriefJUnitResultFormatter formatter=org.apache.tools.ant.taskdefs.optional.junit.XMLJUnitResultFormatter,/Users/Melancardie/Dropbox/Documents/My Code/Java/OwlExpress/lib/Tess4J/build/test/results/TEST-net.sourceforge.tess4j.Tesseract1Test.xml crashfile=/Users/Melancardie/Dropbox/Documents/My Code/Java/OwlExpress/lib/Tess4J/build/junitvmwatcher3032280686877511779.properties propsfile=/Users/Melancardie/Dropbox/Documents/My Code/Java/OwlExpress/lib/Tess4J/build/junit2108709237468810783.properties" />
    <property name="built-jar.properties" value="/Users/Melancardie/Dropbox/Documents/My Code/Java/OwlExpress/lib/Tess4J/build/built-jar.properties" />
    <property name="socksNonProxyHosts" value="local|*.local|169.254/16|*.169.254/16" />
    <property name="ant.file" value="/Users/Melancardie/Dropbox/Documents/My Code/Java/OwlExpress/lib/Tess4J/build.xml" />
    <property name="junit.available" value="true" />
    <property name="do.jar" value="true" />
    <property name="java.io.tmpdir" value="/var/folders/zz/zyxvpxvq6csfxvn_n0000000000000/T/" />
    <property name="build.test.results.dir" value="build/test/results" />
    <property name="user.language" value="zh" />
    <property name="line.separator" value="&#xa;" />
    <property name="javac.compilerargs" value="" />
    <property name="ant.file.type" value="file" />
    <property name="file.reference.jai_imageio.jar" value="lib/jai_imageio.jar" />
    <property name="jar.compress" value="false" />
    <property name="debug-transport-by-os" value="dt_socket" />
    <property name="ant.file.Tess4J-impl" value="/Users/Melancardie/Dropbox/Documents/My Code/Java/OwlExpress/lib/Tess4J/nbproject/build-impl.xml" />
    <property name="do.depend.true" value="true" />
    <property name="java.vm.info" value="mixed mode" />
    <property name="javadoc.private" value="false" />
    <property name="annotation.processing.processors.list" value="" />
    <property name="build.test.classes.dir" value="build/test/classes" />
    <property name="java.vm.specification.name" value="Java Virtual Machine Specification" />
    <property name="version" value="1.4.1" />
    <property name="ant.file.type.Tess4J-impl" value="file" />
    <property name="test.binaryexcludes" value="" />
    <property name="file.reference.log4j-1.2.17.jar" value="lib/log4j-1.2.17.jar" />
    <property name="platform.active" value="default_platform" />
    <property name="ap.cmd.line.internal" value="" />
    <property name="jdkBug6558476" value="false" />
    <property name="http.nonProxyHosts" value="local|*.local|169.254/16|*.169.254/16" />
    <property name="endorsed.classpath" value="" />
    <property name="javadoc.encoding" value="UTF-8" />
    <property name="java.awt.printerjob" value="sun.lwawt.macosx.CPrinterJob" />
    <property name="ap.processors.internal" value="" />
    <property name="do.archive" value="true" />
    <property name="dist.jar" value="dist/tess4j.jar" />
    <property name="meta.inf.dir" value="src/META-INF" />
    <property name="ant.version" value="Apache Ant(TM) version 1.9.4 compiled on April 29 2014" />
    <property name="ant.file.Tess4J" value="/Users/Melancardie/Dropbox/Documents/My Code/Java/OwlExpress/lib/Tess4J/build.xml" />
    <property name="javadoc.nonavbar" value="false" />
    <property name="user.country.format" value="US" />
    <property name="user.properties.file" value="C:\Users\Quan\AppData\Roaming\NetBeans\8.0.2\build.properties" />
    <property name="gopherProxySet" value="false" />
    <property name="annotation.processing.source.output" value="build/generated-sources/ap-source-output" />
    <property name="build.generated.dir" value="build/generated" />
    <property name="os.name" value="Mac OS X" />
    <property name="java.specification.vendor" value="Oracle Corporation" />
    <property name="file.reference.junit-4.10.jar" value="lib\junit-4.10.jar" />
    <property name="run.test.classpath" value="lib/jai_imageio.jar:lib/jna-4.1.0.jar:lib/ghost4j-0.5.1.jar:lib/log4j-1.2.17.jar:lib/commons-io-2.4.jar:build/classes:lib\junit-4.10.jar:build/test/classes" />
    <property name="java.vm.name" value="Java HotSpot(TM) 64-Bit Server VM" />
    <property name="ant.file.type.Tess4J" value="file" />
    <property name="ap.supported.internal" value="true" />
    <property name="java.library.path" value="/var/root/Library/Java/Extensions:/Library/Java/Extensions:/Network/Library/Java/Extensions:/System/Library/Java/Extensions:/usr/lib/java:." />
    <property name="ant.java.version" value="1.8" />
    <property name="basedir" value="/Users/Melancardie/Dropbox/Documents/My Code/Java/OwlExpress/lib/Tess4J" />
    <property name="javadoc.noindex" value="false" />
    <property name="java.class.version" value="52.0" />
    <property name="javac.test.classpath" value="lib/jai_imageio.jar:lib/jna-4.1.0.jar:lib/ghost4j-0.5.1.jar:lib/log4j-1.2.17.jar:lib/commons-io-2.4.jar:build/classes:lib\junit-4.10.jar" />
    <property name="javac.processorpath" value="lib/jai_imageio.jar:lib/jna-4.1.0.jar:lib/ghost4j-0.5.1.jar:lib/log4j-1.2.17.jar:lib/commons-io-2.4.jar" />
    <property name="ant.home" value="/usr/local/Cellar/ant/1.9.4/libexec" />
    <property name="javadoc.splitindex" value="true" />
    <property name="javac.test.processorpath" value="lib/jai_imageio.jar:lib/jna-4.1.0.jar:lib/ghost4j-0.5.1.jar:lib/log4j-1.2.17.jar:lib/commons-io-2.4.jar:build/classes:lib\junit-4.10.jar" />
    <property name="javadoc.preview" value="true" />
    <property name="copylibs.rebase" value="true" />
    <property name="jnlp.signing.keystore" value="" />
    <property name="junit.forkmode" value="perTest" />
    <property name="test.binarytestincludes" value="" />
    <property name="sun.boot.library.path" value="/Library/Java/JavaVirtualMachines/jdk1.8.0_25.jdk/Contents/Home/jre/lib" />
    <property name="build.dir" value="build" />
    <property name="application.title" value="Tess4J" />
    <property name="sun.management.compiler" value="HotSpot 64-Bit Tiered Compilers" />
    <property name="java.awt.graphicsenv" value="sun.awt.CGraphicsEnvironment" />
    <property name="javadoc.encoding.used" value="UTF-8" />
    <property name="libraries.dir.nativedirsep" value="/Users/Melancardie/Dropbox/Documents/My Code/Java/OwlExpress/lib/Tess4J/lib" />
    <property name="javadoc.windowtitle" value="Tess4J API" />
    <property name="run.jvmargs.ide" value="" />
    <property name="annotation.processing.enabled" value="true" />
    <property name="build.generated.sources.dir" value="build/generated-sources" />
    <property name="nb.junit.single" value="false" />
    <property name="run.jvmargs" value="" />
    <property name="ant.project.name" value="Tess4J" />
    <property name="java.vm.specification.version" value="1.8" />
    <property name="work.dir" value="/Users/Melancardie/Dropbox/Documents/My Code/Java/OwlExpress/lib/Tess4J" />
    <property name="awt.toolkit" value="sun.lwawt.macosx.LWCToolkit" />
    <property name="javadoc.use" value="true" />
    <property name="sun.cpu.isalist" value="" />
    <property name="java.ext.dirs" value="/var/root/Library/Java/Extensions:/Library/Java/JavaVirtualMachines/jdk1.8.0_25.jdk/Contents/Home/jre/lib/ext:/Library/Java/Extensions:/Network/Library/Java/Extensions:/System/Library/Java/Extensions:/usr/lib/java" />
    <property name="os.version" value="10.10.1" />
    <property name="excludes" value="" />
    <property name="user.home" value="/var/root" />
    <property name="jnlp.descriptor" value="application" />
    <property name="libraries.basename" value="nblibraries" />
    <property name="java.vm.vendor" value="Oracle Corporation" />
    <property name="user.dir" value="/Users/Melancardie/Dropbox/Documents/My Code/Java/OwlExpress/lib/Tess4J" />
    <property name="debug-transport" value="dt_socket" />
    <property name="application.args" value="" />
    <property name="sun.cpu.endian" value="little" />
    <property name="compile.on.save" value="true" />
    <property name="project.license" value="apache20" />
    <property name="endorsed.classpath.cmd.line.arg" value="" />
    <property name="jar.index" value="false" />
    <property name="libraries.dir" value="/Users/Melancardie/Dropbox/Documents/My Code/Java/OwlExpress/lib/Tess4J/lib" />
    <property name="java.vm.version" value="25.25-b02" />
    <property name="jnlp.offline-allowed" value="false" />
    <property name="test.binaryincludes" value="&lt;nothing&gt;" />
    <property name="java.class.path" value="/Users/Melancardie/Dropbox/Documents/My Code/Java/OwlExpress/lib/Tess4J/lib/jai_imageio.jar:/Users/Melancardie/Dropbox/Documents/My Code/Java/OwlExpress/lib/Tess4J/lib/jna-4.1.0.jar:/Users/Melancardie/Dropbox/Documents/My Code/Java/OwlExpress/lib/Tess4J/lib/ghost4j-0.5.1.jar:/Users/Melancardie/Dropbox/Documents/My Code/Java/OwlExpress/lib/Tess4J/lib/log4j-1.2.17.jar:/Users/Melancardie/Dropbox/Documents/My Code/Java/OwlExpress/lib/Tess4J/lib/commons-io-2.4.jar:/Users/Melancardie/Dropbox/Documents/My Code/Java/OwlExpress/lib/Tess4J/build/classes:/Users/Melancardie/Dropbox/Documents/My Code/Java/OwlExpress/lib/Tess4J/lib/junit-4.10.jar:/Users/Melancardie/Dropbox/Documents/My Code/Java/OwlExpress/lib/Tess4J/build/test/classes:/usr/local/Cellar/ant/1.9.4/libexec/lib/ant-launcher.jar:/usr/local/Cellar/ant/1.9.4/libexec/lib/ant.jar:/usr/local/Cellar/ant/1.9.4/libexec/lib/ant-junit.jar:/usr/local/Cellar/ant/1.9.4/libexec/lib/ant-junit4.jar" />
    <property name="annotation.processing.processor.options" value="" />
    <property name="ant.library.dir" value="/usr/local/Cellar/ant/1.9.4/libexec/lib" />
    <property name="os.arch" value="x86_64" />
    <property name="javac.deprecation" value="true" />
    <property name="file.reference.jna-4.1.0.jar" value="lib/jna-4.1.0.jar" />
    <property name="build.classes.excludes" value="**/*.java,**/*.form" />
    <property name="dist.dir" value="dist" />
    <property name="debug.classpath" value="lib/jai_imageio.jar:lib/jna-4.1.0.jar:lib/ghost4j-0.5.1.jar:lib/log4j-1.2.17.jar:lib/commons-io-2.4.jar:build/classes" />
    <property name="sun.java.launcher" value="SUN_STANDARD" />
    <property name="jar.index.metainf" value="false" />
    <property name="jnlp.codebase.type" value="no.codebase" />
    <property name="platform.java" value="/Library/Java/JavaVirtualMachines/jdk1.8.0_25.jdk/Contents/Home/jre/bin/java" />
    <property name="annotation.processing.enabled.in.editor" value="false" />
    <property name="ant.core.lib" value="/usr/local/Cellar/ant/1.9.4/libexec/lib/ant.jar" />
    <property name="jnlp.signed" value="false" />
    <property name="java.vm.specification.vendor" value="Oracle Corporation" />
    <property name="do.depend" value="true" />
    <property name="file.separator" value="/" />
    <property name="java.runtime.version" value="1.8.0_25-b17" />
    <property name="sun.boot.class.path" value="/Library/Java/JavaVirtualMachines/jdk1.8.0_25.jdk/Contents/Home/jre/lib/resources.jar:/Library/Java/JavaVirtualMachines/jdk1.8.0_25.jdk/Contents/Home/jre/lib/rt.jar:/Library/Java/JavaVirtualMachines/jdk1.8.0_25.jdk/Contents/Home/jre/lib/sunrsasign.jar:/Library/Java/JavaVirtualMachines/jdk1.8.0_25.jdk/Contents/Home/jre/lib/jsse.jar:/Library/Java/JavaVirtualMachines/jdk1.8.0_25.jdk/Contents/Home/jre/lib/jce.jar:/Library/Java/JavaVirtualMachines/jdk1.8.0_25.jdk/Contents/Home/jre/lib/charsets.jar:/Library/Java/JavaVirtualMachines/jdk1.8.0_25.jdk/Contents/Home/jre/lib/jfr.jar:/Library/Java/JavaVirtualMachines/jdk1.8.0_25.jdk/Contents/Home/jre/classes" />
    <property name="debug.test.classpath" value="lib/jai_imageio.jar:lib/jna-4.1.0.jar:lib/ghost4j-0.5.1.jar:lib/log4j-1.2.17.jar:lib/commons-io-2.4.jar:build/classes:lib\junit-4.10.jar:build/test/classes" />
    <property name="nb.junit.batch" value="true" />
    <property name="have.tests" value="true" />
    <property name="jar.archive.disabled" value="false" />
    <property name="user.country" value="CN" />
    <property name="javadoc.notree" value="false" />
    <property name="application.homepage" value="http://tess4j.sf.net" />
    <property name="file.reference.commons-io-2.4.jar" value="lib/commons-io-2.4.jar" />
    <property name="javadoc.additionalparam" value="" />
    <property name="default.javac.target" value="1.4" />
    <property name="javac.classpath" value="lib/jai_imageio.jar:lib/jna-4.1.0.jar:lib/ghost4j-0.5.1.jar:lib/log4j-1.2.17.jar:lib/commons-io-2.4.jar" />
    <property name="build.classes.dir" value="build/classes" />
    <property name="javac.target" value="1.6" />
    <property name="java.vendor" value="Oracle Corporation" />
    <property name="runtime.encoding" value="UTF-8" />
    <property name="java.specification.version" value="1.8" />
    <property name="sun.arch.data.model" value="64" />
    <property name="mkdist.disabled" value="false" />
  </properties>
  <testcase classname="net.sourceforge.tess4j.Tesseract1Test" name="testDoOCR_File" time="0.899" />
  <testcase classname="net.sourceforge.tess4j.Tesseract1Test" name="testDoOCR_File_With_Configs" time="1.172" />
  <testcase classname="net.sourceforge.tess4j.Tesseract1Test" name="testDoOCR_File_Rectangle" time="0.491" />
  <testcase classname="net.sourceforge.tess4j.Tesseract1Test" name="testDoOCR_List_Rectangle" time="0.815" />
  <testcase classname="net.sourceforge.tess4j.Tesseract1Test" name="testDoOCR_BufferedImage" time="0.552" />
  <testcase classname="net.sourceforge.tess4j.Tesseract1Test" name="testDoOCR_SkewedImage" time="1.16" />
  <testcase classname="net.sourceforge.tess4j.Tesseract1Test" name="testExtendingTesseract1" time="0.497" />
  <system-out><![CDATA[doOCR on a PNG image
The (quick) [brown] {fox} jumps!
Over the $43,456.78 <lazy> #90 dog
& duck/goose, as 12.5% of E-mail
from aspammer@website.com is spam.
Der ,,schnelle” braune Fuchs springt
ﬁber den faulen Hund. Le renard brun
«rapide» saute par-dessus le chien
paresseux. La volpe marrone rapida
salta sopra il cane pigro. El zorro
marrén répido salta sobre el perro
perezoso. A raposa marrom rzipida
salta sobre o cﬁo preguicoso.


doOCR with "digits" configs
1110 10111010 11110111111 110111 1111111151
01101 1116 341456.78 5121239 16990 000
81 0110111500501 215 12.5170 01 13-111311
110111 215021111111010011101151500111 15 51121111.
1301 501111011611 1312111110 11110115 50111151
11061 0011 121111011 1-111110. 1.0 161121111 1311111
1110010011 5211110 001-0055115 10 0111011
03165501121. 1.21 110100 11121110110 121011121
53113 500121 11 03110 0190. 1-31 20110
1112111011 12113100 521113 501316 01 110110
00162050. .4 1210050 1113110111 15101113
53113 501910 0 0510 01051110050.


doOCR on a BMP image with bounding rectangle
The (quick) [brown] {fox} jumps!
Over the $43,456.78 <lazy> #90 dog
& duck/goose, as 12.5% of E-mail
from aspammer@website.com is spam.
Der ,,schnelle” braune Fuchs springt
ﬁber den faulen Hund. Le renard brun
«rapide» saute par-dessus le chien
paresseux. La volpe marrone rapida
salta sopra il cane pigro. El zorro
marrén répido salta sobre el perro
perezoso. A raposa marrom rzipida
salta sobre o cﬁo preguicoso.


doOCR on a PDF document
0    [main] INFO  org.ghost4j.Ghostscript  - GPL Ghostscript 9.15 (2014-09-22)
1    [main] INFO  org.ghost4j.Ghostscript  - Copyright (C) 2014 Artifex Software, Inc.  All rights reserved.
1    [main] INFO  org.ghost4j.Ghostscript  - This software comes with NO WARRANTY: see the file PUBLIC for details.
77   [main] INFO  org.ghost4j.Ghostscript  - Processing pages 1 through 1.
77   [main] INFO  org.ghost4j.Ghostscript  - Page 1
The (quick) [brown] {fox} jumps!
Over the $43,456.78 <lazy> #90 dog
& duck/goose, as 12.5% of E-mail
from aspammer@website.com is spam.
Der ,,schnelle” braune Fuchs springt
ﬁber den faulen Hund. Le renard brun
«rapide» saute par-dessus le chien
paresseux. La volpe marrone rapida
salta sopra il cane pigro. El zorro
marrén répido salta sobre el perro
perezoso. A raposa marrom rzipida
salta sobre o cﬁo preguicoso.


doOCR on a buffered image of a GIF
The (quick) [brown] {fox} jumps!
Over the $43,456.78 <lazy> #90 dog
& duck/goose, as 12.5% of E-mail
from aspammer@website.com is spam.
Der ,,schnelle” braune Fuchs springt
ﬁber den faulen Hund. Le renard brun
«rapide» saute par-dessus le chien
paresseux. La volpe marrone rapida
salta sopra il cane pigro. El zorro
marrén répido salta sobre el perro
perezoso. A raposa marrom rzipida
salta sobre o cﬁo preguicoso.


doOCR on a skewed PNG image
The (quick) [brown] {fox} jumps!
Over the $43,456.78 <lazy> #90 dog
& duck/goose. as 12.5% of E-mail
from aspammer@website.com is spam.
Der ,.schneHe” braune Fuchs springt
ﬁber den faulen Hund. Le renard brun
«rapide» saute par-dessus le chien

paresseux. La volpe marrone rapida
salta sopra il cane pigro. El zorro

marrén répido salta sobre el perro

perezoso. A raposa marrom répida

salta sobre o cﬁo preguicoso.

 


Extends Tesseract1
The	[Confidence: 90.767220 Bounding box: 105 66 73 31]
(quick)	[Confidence: 87.500000 Bounding box: 205 67 142 39]
[brown]	[Confidence: 89.932251 Bounding box: 376 69 152 40]
{fox}	[Confidence: 90.098473 Bounding box: 559 71 104 39]
jumps!	[Confidence: 90.716324 Bounding box: 687 73 136 40]
Over	[Confidence: 92.650970 Bounding box: 104 115 95 32]
the	[Confidence: 89.343658 Bounding box: 224 117 59 31]
$43,456.78	[Confidence: 89.098480 Bounding box: 310 117 223 38]
<lazy>	[Confidence: 92.907623 Bounding box: 561 121 135 41]
#90	[Confidence: 91.800201 Bounding box: 722 123 69 31]
dog	[Confidence: 90.100510 Bounding box: 818 125 69 40]
&	[Confidence: 91.685547 Bounding box: 103 165 31 31]
duck/goose,	[Confidence: 88.571831 Bounding box: 160 166 236 40]
as	[Confidence: 93.514618 Bounding box: 424 178 39 23]
12.5%	[Confidence: 91.952271 Bounding box: 493 171 121 32]
of	[Confidence: 90.451614 Bounding box: 638 172 42 32]
E-mail	[Confidence: 91.344429 Bounding box: 700 174 135 32]
from	[Confidence: 89.253746 Bounding box: 103 215 91 32]
aspammer@website.com	[Confidence: 88.953171 Bounding box: 220 219 496 41]
is	[Confidence: 94.242500 Bounding box: 742 223 31 32]
spam.	[Confidence: 89.642845 Bounding box: 799 233 112 31]
Der	[Confidence: 91.693726 Bounding box: 102 266 71 31]
,,schnelle”	[Confidence: 78.856628 Bounding box: 198 267 208 35]
braune	[Confidence: 90.989685 Bounding box: 433 269 135 33]
Fuchs	[Confidence: 92.036606 Bounding box: 594 272 115 32]
springt	[Confidence: 85.802315 Bounding box: 735 274 142 40]
ﬁber	[Confidence: 77.427635 Bounding box: 102 315 85 32]
den	[Confidence: 92.725639 Bounding box: 212 317 68 31]
faulen	[Confidence: 87.392044 Bounding box: 306 318 124 32]
Hund.	[Confidence: 92.815437 Bounding box: 456 320 116 32]
Le	[Confidence: 91.709900 Bounding box: 601 322 47 32]
renard	[Confidence: 89.479660 Bounding box: 674 324 129 32]
brun	[Confidence: 92.530449 Bounding box: 827 325 91 32]
«rapide»	[Confidence: 89.106445 Bounding box: 101 366 173 39]
saute	[Confidence: 90.068596 Bounding box: 302 373 101 27]
par-dessus	[Confidence: 90.267944 Bounding box: 428 371 213 38]
le	[Confidence: 92.761230 Bounding box: 667 372 33 32]
chien	[Confidence: 91.074486 Bounding box: 725 374 108 32]
paresseux.	[Confidence: 89.654541 Bounding box: 100 424 208 30]
La	[Confidence: 90.037682 Bounding box: 337 419 47 31]
volpe	[Confidence: 93.499756 Bounding box: 409 420 107 39]
marrone	[Confidence: 90.102051 Bounding box: 543 430 164 25]
rapida	[Confidence: 86.662727 Bounding box: 733 424 126 40]
salta	[Confidence: 91.222679 Bounding box: 100 466 92 31]
sopra	[Confidence: 90.480843 Bounding box: 219 475 105 32]
il	[Confidence: 91.058411 Bounding box: 351 468 25 31]
cane	[Confidence: 91.604195 Bounding box: 403 478 88 23]
pigro.	[Confidence: 90.220543 Bounding box: 517 471 116 40]
El	[Confidence: 95.934021 Bounding box: 662 473 41 31]
zorro	[Confidence: 90.218468 Bounding box: 729 482 105 24]
marrén	[Confidence: 78.895264 Bounding box: 99 516 143 32]
répido	[Confidence: 78.803009 Bounding box: 268 517 127 40]
salta	[Confidence: 91.021156 Bounding box: 421 520 92 32]
sobre	[Confidence: 91.359901 Bounding box: 540 521 104 33]
el	[Confidence: 88.865158 Bounding box: 669 523 33 31]
perro	[Confidence: 88.460793 Bounding box: 728 532 105 31]
perezoso.	[Confidence: 91.213989 Bounding box: 98 574 186 30]
A	[Confidence: 93.007507 Bounding box: 313 568 29 30]
raposa	[Confidence: 91.828201 Bounding box: 369 578 128 31]
marrom	[Confidence: 90.031433 Bounding box: 523 579 154 25]
rzipida	[Confidence: 77.886475 Bounding box: 703 573 126 40]
salta	[Confidence: 85.691055 Bounding box: 98 616 92 31]
sobre	[Confidence: 90.560913 Bounding box: 217 617 103 32]
o	[Confidence: 94.669769 Bounding box: 346 627 20 23]
cﬁo	[Confidence: 72.071564 Bounding box: 391 621 65 30]
preguicoso.	[Confidence: 74.315262 Bounding box: 481 621 229 40]
]]></system-out>
  <system-err><![CDATA[]]></system-err>
</testsuite>
